SF:lib/Equipamento.dart
DA:6,2
DA:8,2
DA:11,6
DA:13,2
DA:17,4
DA:19,6
DA:23,2
DA:24,2
DA:27,1
DA:28,1
DA:31,2
DA:32,2
DA:35,1
DA:36,1
LF:14
LH:14
end_of_record
SF:lib/main.dart
DA:6,0
DA:15,0
DA:16,0
DA:19,0
DA:20,0
DA:22,0
DA:23,0
DA:24,0
DA:29,1
DA:30,1
DA:31,1
DA:32,1
DA:33,1
DA:35,1
DA:37,1
DA:38,1
DA:39,1
DA:40,1
DA:41,1
DA:42,1
DA:46,1
DA:47,1
DA:48,1
DA:49,1
DA:50,1
DA:54,2
DA:55,2
DA:65,1
DA:66,1
LF:29
LH:21
end_of_record
SF:lib/addEquipamento.dart
DA:8,1
DA:10,1
DA:12,1
DA:14,1
DA:15,1
DA:16,1
DA:17,1
DA:20,3
DA:21,1
LF:9
LH:9
end_of_record
SF:lib/listaEquipamento.dart
DA:8,1
DA:10,1
DA:12,1
DA:13,1
DA:14,1
DA:15,1
DA:16,1
DA:17,3
DA:18,1
DA:19,1
DA:20,1
DA:21,1
DA:22,2
LF:13
LH:13
end_of_record
